<?xml version="1.0" encoding="UTF-8"?>
<testsuite name="com.simpleshare.dao.DaoManagerTest" tests="2" skipped="0" failures="0" errors="0" timestamp="2018-08-01T19:00:24" hostname="NB170529JSA" time="1.649">
  <properties/>
  <testcase name="testGetEntityManager" classname="com.simpleshare.dao.DaoManagerTest" time="1.649"/>
  <testcase name="testGetInstance" classname="com.simpleshare.dao.DaoManagerTest" time="0.0"/>
  <system-out><![CDATA[[EL Info]: 2018-08-01 21:00:25.468--ServerSession(1927959989)--EclipseLink, version: Eclipse Persistence Services - 2.7.2.v20180622-f627448
[EL Info]: connection: 2018-08-01 21:00:25.911--ServerSession(1927959989)--/file:/C:/Users/jsa/Dropbox/SimpleShare/build/resources/main/_simpleshare login successful
]]></system-out>
  <system-err><![CDATA[Loading class `com.mysql.jdbc.Driver'. This is deprecated. The new driver class is `com.mysql.cj.jdbc.Driver'. The driver is automatically registered via the SPI and manual loading of the driver class is generally unnecessary.
Wed Aug 01 21:00:25 CEST 2018 WARN: Establishing SSL connection without server's identity verification is not recommended. According to MySQL 5.5.45+, 5.6.26+ and 5.7.6+ requirements SSL connection must be established by default if explicit option isn't set. For compliance with existing applications not using SSL the verifyServerCertificate property is set to 'false'. You need either to explicitly disable SSL by setting useSSL=false, or set useSSL=true and provide truststore for server certificate verification.
Wed Aug 01 21:00:25 CEST 2018 WARN: Establishing SSL connection without server's identity verification is not recommended. According to MySQL 5.5.45+, 5.6.26+ and 5.7.6+ requirements SSL connection must be established by default if explicit option isn't set. For compliance with existing applications not using SSL the verifyServerCertificate property is set to 'false'. You need either to explicitly disable SSL by setting useSSL=false, or set useSSL=true and provide truststore for server certificate verification.
]]></system-err>
</testsuite>
