<?xml version="1.0" encoding="UTF-8"?>
<testsuite name="com.simpleshare.dao.DaoManagerTest" tests="2" skipped="0" failures="0" errors="0" timestamp="2018-08-01T20:45:14" hostname="julian-ThinkPad-E550" time="0.001">
  <properties/>
  <testcase name="testGetEntityManager" classname="com.simpleshare.dao.DaoManagerTest" time="0.0"/>
  <testcase name="testGetInstance" classname="com.simpleshare.dao.DaoManagerTest" time="0.0"/>
  <system-out><![CDATA[]]></system-out>
  <system-err><![CDATA[]]></system-err>
</testsuite>
